


ARM Macro Assembler    Page 1 


    1 00000000         ;******************** (C) COPYRIGHT 2012 STMicroelectron
                       ics ********************
    2 00000000         ;* File Name          : startup_stm32f0xx.s
    3 00000000         ;* Author             : MCD Application Team
    4 00000000         ;* Version            : V1.0.0
    5 00000000         ;* Date               : 23-March-2012
    6 00000000         ;* Description        : STM32F0xx Devices vector table f
                       or MDK-ARM toolchain.
    7 00000000         ;*                      This module performs:
    8 00000000         ;*                      - Set the initial SP
    9 00000000         ;*                      - Set the initial PC == Reset_Ha
                       ndler
   10 00000000         ;*                      - Set the vector table entries w
                       ith the exceptions ISR address
   11 00000000         ;*                      - Branches to __main in the C li
                       brary (which eventually
   12 00000000         ;*                        calls main()).
   13 00000000         ;*                      After Reset the CortexM0 process
                       or is in Thread mode,
   14 00000000         ;*                      priority is Privileged, and the 
                       Stack is set to Main.
   15 00000000         ;* <<< Use Configuration Wizard in Context Menu >>>   
   16 00000000         ;*******************************************************
                       ************************
   17 00000000         ;  @attention
   18 00000000         ; 
   19 00000000         ;  Licensed under MCD-ST Liberty SW License Agreement V2
                       , (the "License");
   20 00000000         ;  You may not use this file except in compliance with t
                       he License.
   21 00000000         ;  You may obtain a copy of the License at:
   22 00000000         ; 
   23 00000000         ;         http://www.st.com/software_license_agreement_l
                       iberty_v2
   24 00000000         ; 
   25 00000000         ;  Unless required by applicable law or agreed to in wri
                       ting, software 
   26 00000000         ;  distributed under the License is distributed on an "A
                       S IS" BASIS, 
   27 00000000         ;  WITHOUT WARRANTIES OR CONDITIONS OF ANY KIND, either 
                       express or implied.
   28 00000000         ;  See the License for the specific language governing p
                       ermissions and
   29 00000000         ;  limitations under the License.
   30 00000000         ; 
   31 00000000         ;*******************************************************
                       ************************
   32 00000000         ;
   33 00000000         ; Amount of memory (in bytes) allocated for Stack
   34 00000000         ; Tailor this value to your application needs
   35 00000000         ; <h> Stack Configuration
   36 00000000         ;   <o> Stack Size (in Bytes) <0x0-0xFFFFFFFF:8>
   37 00000000         ; </h>
   38 00000000         
   39 00000000 00000400 
                       Stack_Size
                               EQU              0x00000400
   40 00000000         
   41 00000000                 AREA             STACK, NOINIT, READWRITE, ALIGN



ARM Macro Assembler    Page 2 


=3
   42 00000000         Stack_Mem
                               SPACE            Stack_Size
   43 00000400         __initial_sp
   44 00000400         
   45 00000400         
   46 00000400         ; <h> Heap Configuration
   47 00000400         ;   <o>  Heap Size (in Bytes) <0x0-0xFFFFFFFF:8>
   48 00000400         ; </h>
   49 00000400         
   50 00000400 00000100 
                       Heap_Size
                               EQU              0x00000100
   51 00000400         
   52 00000400                 AREA             HEAP, NOINIT, READWRITE, ALIGN=
3
   53 00000000         __heap_base
   54 00000000         Heap_Mem
                               SPACE            Heap_Size
   55 00000100         __heap_limit
   56 00000100         
   57 00000100                 PRESERVE8
   58 00000100                 THUMB
   59 00000100         
   60 00000100         
   61 00000100         ; Vector Table Mapped to Address 0 at Reset
   62 00000100                 AREA             RESET, DATA, READONLY
   63 00000000                 EXPORT           __Vectors
   64 00000000                 EXPORT           __Vectors_End
   65 00000000                 EXPORT           __Vectors_Size
   66 00000000         ;IMPORT  SysTick_Handler
   67 00000000         
   68 00000000 00000000 
                       __Vectors
                               DCD              __initial_sp ; Top of Stack
   69 00000004 00000000        DCD              Reset_Handler ; Reset Handler
   70 00000008 00000000        DCD              NMI_Handler ; NMI Handler
   71 0000000C 00000000        DCD              HardFault_Handler ; Hard Fault 
                                                            Handler
   72 00000010 00000000        DCD              0           ; Reserved
   73 00000014 00000000        DCD              0           ; Reserved
   74 00000018 00000000        DCD              0           ; Reserved
   75 0000001C 00000000        DCD              0           ; Reserved
   76 00000020 00000000        DCD              0           ; Reserved
   77 00000024 00000000        DCD              0           ; Reserved
   78 00000028 00000000        DCD              0           ; Reserved
   79 0000002C 00000000        DCD              SVC_Handler ; SVCall Handler
   80 00000030 00000000        DCD              0           ; Reserved
   81 00000034 00000000        DCD              0           ; Reserved
   82 00000038 00000000        DCD              PendSV_Handler ; PendSV Handler
                                                            
   83 0000003C 00000000        DCD              SysTick_Handler 
                                                            ; SysTick Handler
   84 00000040         
   85 00000040         ; External Interrupts
   86 00000040 00000000        DCD              WWDG_IRQHandler 
                                                            ; Window Watchdog
   87 00000044 00000000        DCD              PVD_VDDIO2_IRQHandler ; PVD and
                                                             VDDIO2 through EXT



ARM Macro Assembler    Page 3 


                                                            I Line detect
   88 00000048 00000000        DCD              RTC_IRQHandler ; RTC through EX
                                                            TI Line
   89 0000004C 00000000        DCD              FLASH_IRQHandler ; FLASH
   90 00000050 00000000        DCD              RCC_CRS_IRQHandler 
                                                            ; RCC and CRS
   91 00000054 00000000        DCD              EXTI0_1_IRQHandler 
                                                            ; EXTI Line 0 and 1
                                                            
   92 00000058 00000000        DCD              EXTI2_3_IRQHandler 
                                                            ; EXTI Line 2 and 3
                                                            
   93 0000005C 00000000        DCD              EXTI4_15_IRQHandler 
                                                            ; EXTI Line 4 to 15
                                                            
   94 00000060 00000000        DCD              TSC_IRQHandler ; TS
   95 00000064 00000000        DCD              DMA1_Channel1_IRQHandler 
                                                            ; DMA1 Channel 1
   96 00000068 00000000        DCD              DMA1_Channel2_3_IRQHandler ; DM
                                                            A1 Channel 2 and Ch
                                                            annel 3
   97 0000006C 00000000        DCD              DMA1_Channel4_5_6_7_IRQHandler 
                                                            ; DMA1 Channel 4, C
                                                            hannel 5, Channel 6
                                                             and Channel 7
   98 00000070 00000000        DCD              ADC1_COMP_IRQHandler ; ADC1, CO
                                                            MP1 and COMP2 
   99 00000074 00000000        DCD              TIM1_BRK_UP_TRG_COM_IRQHandler 
                                                            ; TIM1 Break, Updat
                                                            e, Trigger and Comm
                                                            utation
  100 00000078 00000000        DCD              TIM1_CC_IRQHandler ; TIM1 Captu
                                                            re Compare
  101 0000007C 00000000        DCD              TIM2_IRQHandler ; TIM2
  102 00000080 00000000        DCD              TIM3_IRQHandler ; TIM3
  103 00000084 00000000        DCD              TIM6_DAC_IRQHandler 
                                                            ; TIM6 and DAC
  104 00000088 00000000        DCD              TIM7_IRQHandler ; TIM7
  105 0000008C 00000000        DCD              TIM14_IRQHandler ; TIM14
  106 00000090 00000000        DCD              TIM15_IRQHandler ; TIM15
  107 00000094 00000000        DCD              TIM16_IRQHandler ; TIM16
  108 00000098 00000000        DCD              TIM17_IRQHandler ; TIM17
  109 0000009C 00000000        DCD              I2C1_IRQHandler ; I2C1
  110 000000A0 00000000        DCD              I2C2_IRQHandler ; I2C2
  111 000000A4 00000000        DCD              SPI1_IRQHandler ; SPI1
  112 000000A8 00000000        DCD              SPI2_IRQHandler ; SPI2
  113 000000AC 00000000        DCD              USART1_IRQHandler ; USART1
  114 000000B0 00000000        DCD              USART2_IRQHandler ; USART2
  115 000000B4 00000000        DCD              USART3_4_IRQHandler 
                                                            ; USART3 and USART4
                                                            
  116 000000B8 00000000        DCD              CEC_CAN_IRQHandler 
                                                            ; CEC and CAN
  117 000000BC 00000000        DCD              USB_IRQHandler ; USB
  118 000000C0         
  119 000000C0         __Vectors_End
  120 000000C0         
  121 000000C0 000000C0 
                       __Vectors_Size



ARM Macro Assembler    Page 4 


                               EQU              __Vectors_End - __Vectors
  122 000000C0         
  123 000000C0         ;------------------------定义文件头信息-----------------
                       ----------
  124 000000C0                 AREA             HEADINFO, DATA, READONLY
  125 00000000                 EXPORT           __headinfo_base
  126 00000000                 IMPORT           g_code_info
  127 00000000         __headinfo_base
  128 00000000 00 00 00 
              00 00 00 
              00 00 00 
              00 00 00 
              00 00 00 
              00 00 00 
              00 00 00 
              00 00 00 
              00 00 00 
              00 00 00 
              00 00 00 
              00 00 00 
              00 00 00 
              00 00 00 
              00 00 00 
              00 00 00 
              00 00 00 
              00 00 00 
              00 00 00 
              00 00 00 
              00 00 00 
              00       headinfo_mem
                               SPACE            (256 - __Vectors_Size) 
                                                            ; 填充到256
  129 00000040 55              DCB              0x55        ; 头标
  130 00000041 00 00           DCB              0x00, 0x00  ; 校验和
  131 00000043 00 00 00 
              00               DCB              0x00, 0x00, 0x00, 0x00 
                                                            ; 文件长度
  132 00000047 00              DCB              0x00        ; 填充字节
  133 00000048         
  134 00000048 53 54 4D 
              30               DCB              "STM0"      ; 平台标识,底层需要
                                                            用到
  135 0000004C 41 50 50 
              30               DCB              "APP0"      ; 应用层标识,底层需
                                                            要用到
  136 00000050 00000000        DCDU             g_code_info - {PC} ; BOOT程序信
                                                            息数据结构地址
  137 00000054         __headinfo_end
  138 00000054         
  139 00000054         
  140 00000054         
  141 00000054         
  142 00000054                 AREA             |.text|, CODE, READONLY
  143 00000000         
  144 00000000         ; Reset handler routine
  145 00000000         Reset_Handler
                               PROC
  146 00000000                 EXPORT           Reset_Handler                 [
WEAK]



ARM Macro Assembler    Page 5 


  147 00000000                 IMPORT           __main
  148 00000000                 IMPORT           SystemInit
  149 00000000         ;LDR     R0, =SystemInit
  150 00000000         ;BLX     R0
  151 00000000 4806            LDR              R0, =__main
  152 00000002 4700            BX               R0
  153 00000004                 ENDP
  154 00000004         
  155 00000004         ; Dummy Exception Handlers (infinite loops which can be 
                       modified)
  156 00000004         
  157 00000004         NMI_Handler
                               PROC
  158 00000004                 EXPORT           NMI_Handler                    
[WEAK]
  159 00000004 E7FE            B                .
  160 00000006                 ENDP
  162 00000006         HardFault_Handler
                               PROC
  163 00000006                 EXPORT           HardFault_Handler              
[WEAK]
  164 00000006 E7FE            B                .
  165 00000008                 ENDP
  166 00000008         SVC_Handler
                               PROC
  167 00000008                 EXPORT           SVC_Handler                    
[WEAK]
  168 00000008 E7FE            B                .
  169 0000000A                 ENDP
  170 0000000A         PendSV_Handler
                               PROC
  171 0000000A                 EXPORT           PendSV_Handler                 
[WEAK]
  172 0000000A E7FE            B                .
  173 0000000C                 ENDP
  174 0000000C         SysTick_Handler
                               PROC
  175 0000000C                 EXPORT           SysTick_Handler                
[WEAK]
  176 0000000C E7FE            B                .
  177 0000000E                 ENDP
  178 0000000E         
  179 0000000E         Default_Handler
                               PROC
  180 0000000E         
  181 0000000E                 EXPORT           WWDG_IRQHandler                
[WEAK]
  182 0000000E                 EXPORT           PVD_VDDIO2_IRQHandler          
[WEAK]
  183 0000000E                 EXPORT           RTC_IRQHandler                 
[WEAK]
  184 0000000E                 EXPORT           FLASH_IRQHandler               
[WEAK]
  185 0000000E                 EXPORT           RCC_CRS_IRQHandler             
[WEAK]
  186 0000000E                 EXPORT           EXTI0_1_IRQHandler             
[WEAK]
  187 0000000E                 EXPORT           EXTI2_3_IRQHandler             
[WEAK]



ARM Macro Assembler    Page 6 


  188 0000000E                 EXPORT           EXTI4_15_IRQHandler            
[WEAK]
  189 0000000E                 EXPORT           TSC_IRQHandler                 
 [WEAK]
  190 0000000E                 EXPORT           DMA1_Channel1_IRQHandler       
[WEAK]
  191 0000000E                 EXPORT           DMA1_Channel2_3_IRQHandler     
[WEAK]
  192 0000000E                 EXPORT           DMA1_Channel4_5_6_7_IRQHandler 
[WEAK]
  193 0000000E                 EXPORT           ADC1_COMP_IRQHandler           
[WEAK]
  194 0000000E                 EXPORT           TIM1_BRK_UP_TRG_COM_IRQHandler 
[WEAK]
  195 0000000E                 EXPORT           TIM1_CC_IRQHandler             
[WEAK]
  196 0000000E                 EXPORT           TIM2_IRQHandler                
[WEAK]
  197 0000000E                 EXPORT           TIM3_IRQHandler                
[WEAK]
  198 0000000E                 EXPORT           TIM6_DAC_IRQHandler            
[WEAK]
  199 0000000E                 EXPORT           TIM7_IRQHandler                
[WEAK]
  200 0000000E                 EXPORT           TIM14_IRQHandler               
[WEAK]
  201 0000000E                 EXPORT           TIM15_IRQHandler               
[WEAK]
  202 0000000E                 EXPORT           TIM16_IRQHandler               
[WEAK]
  203 0000000E                 EXPORT           TIM17_IRQHandler               
[WEAK]
  204 0000000E                 EXPORT           I2C1_IRQHandler                
[WEAK]
  205 0000000E                 EXPORT           I2C2_IRQHandler                
[WEAK]
  206 0000000E                 EXPORT           SPI1_IRQHandler                
[WEAK]
  207 0000000E                 EXPORT           SPI2_IRQHandler                
[WEAK]
  208 0000000E                 EXPORT           USART1_IRQHandler              
[WEAK]
  209 0000000E                 EXPORT           USART2_IRQHandler              
[WEAK]
  210 0000000E                 EXPORT           USART3_4_IRQHandler            
[WEAK]
  211 0000000E                 EXPORT           CEC_CAN_IRQHandler             
[WEAK]
  212 0000000E                 EXPORT           USB_IRQHandler                 
[WEAK]
  213 0000000E         
  214 0000000E         
  215 0000000E         WWDG_IRQHandler
  216 0000000E         PVD_VDDIO2_IRQHandler
  217 0000000E         RTC_IRQHandler
  218 0000000E         FLASH_IRQHandler
  219 0000000E         RCC_CRS_IRQHandler
  220 0000000E         EXTI0_1_IRQHandler
  221 0000000E         EXTI2_3_IRQHandler



ARM Macro Assembler    Page 7 


  222 0000000E         EXTI4_15_IRQHandler
  223 0000000E         TSC_IRQHandler
  224 0000000E         DMA1_Channel1_IRQHandler
  225 0000000E         DMA1_Channel2_3_IRQHandler
  226 0000000E         DMA1_Channel4_5_6_7_IRQHandler
  227 0000000E         ADC1_COMP_IRQHandler
  228 0000000E         TIM1_BRK_UP_TRG_COM_IRQHandler
  229 0000000E         TIM1_CC_IRQHandler
  230 0000000E         TIM2_IRQHandler
  231 0000000E         TIM3_IRQHandler
  232 0000000E         TIM6_DAC_IRQHandler
  233 0000000E         TIM7_IRQHandler
  234 0000000E         TIM14_IRQHandler
  235 0000000E         TIM15_IRQHandler
  236 0000000E         TIM16_IRQHandler
  237 0000000E         TIM17_IRQHandler
  238 0000000E         I2C1_IRQHandler
  239 0000000E         I2C2_IRQHandler
  240 0000000E         SPI1_IRQHandler
  241 0000000E         SPI2_IRQHandler
  242 0000000E         USART1_IRQHandler
  243 0000000E         USART2_IRQHandler
  244 0000000E         USART3_4_IRQHandler
  245 0000000E         CEC_CAN_IRQHandler
  246 0000000E         USB_IRQHandler
  247 0000000E         
  248 0000000E E7FE            B                .
  249 00000010         
  250 00000010                 ENDP
  251 00000010         
  252 00000010                 ALIGN
  253 00000010         
  254 00000010         ;*******************************************************
                       ************************
  255 00000010         ; User Stack and Heap initialization
  256 00000010         ;*******************************************************
                       ************************
  257 00000010                 IF               :DEF:__MICROLIB
  264 00000010         
  265 00000010                 IMPORT           __use_two_region_memory
  266 00000010                 EXPORT           __user_initial_stackheap
  267 00000010         
  268 00000010         __user_initial_stackheap
  269 00000010         
  270 00000010 4803            LDR              R0, =  Heap_Mem
  271 00000012 4904            LDR              R1, =(Stack_Mem + Stack_Size)
  272 00000014 4A04            LDR              R2, = (Heap_Mem +  Heap_Size)
  273 00000016 4B05            LDR              R3, = Stack_Mem
  274 00000018 4770            BX               LR
  275 0000001A         
  276 0000001A 00 00           ALIGN
  277 0000001C         
  278 0000001C                 ENDIF
  279 0000001C         
  280 0000001C                 END
              00000000 
              00000000 
              00000400 
              00000100 



ARM Macro Assembler    Page 8 


              00000000 
Command Line: --debug --xref --cpu=Cortex-M0 --apcs=interwork --depend=.\object
\startup_stm32f0xx.d -o.\object\startup_stm32f0xx.o -IC:\Keil\ARM\RV31\INC -IC:
\Keil\ARM\PACK\ARM\CMSIS\3.20.3\CMSIS\Include -IDevice\Include --list=.\startup
_stm32f0xx.lst ..\source\hal\CMSIS\ST\STM32F0xx\Source\startup_stm32f0xx.s



ARM Macro Assembler    Page 1 Alphabetic symbol ordering
Relocatable symbols

STACK 00000000

Symbol: STACK
   Definitions
      At line 41 in file ..\source\hal\CMSIS\ST\STM32F0xx\Source\startup_stm32f
0xx.s
   Uses
      None
Comment: STACK unused
Stack_Mem 00000000

Symbol: Stack_Mem
   Definitions
      At line 42 in file ..\source\hal\CMSIS\ST\STM32F0xx\Source\startup_stm32f
0xx.s
   Uses
      At line 271 in file ..\source\hal\CMSIS\ST\STM32F0xx\Source\startup_stm32
f0xx.s
      At line 273 in file ..\source\hal\CMSIS\ST\STM32F0xx\Source\startup_stm32
f0xx.s

__initial_sp 00000400

Symbol: __initial_sp
   Definitions
      At line 43 in file ..\source\hal\CMSIS\ST\STM32F0xx\Source\startup_stm32f
0xx.s
   Uses
      At line 68 in file ..\source\hal\CMSIS\ST\STM32F0xx\Source\startup_stm32f
0xx.s
Comment: __initial_sp used once
3 symbols



ARM Macro Assembler    Page 1 Alphabetic symbol ordering
Relocatable symbols

HEAP 00000000

Symbol: HEAP
   Definitions
      At line 52 in file ..\source\hal\CMSIS\ST\STM32F0xx\Source\startup_stm32f
0xx.s
   Uses
      None
Comment: HEAP unused
Heap_Mem 00000000

Symbol: Heap_Mem
   Definitions
      At line 54 in file ..\source\hal\CMSIS\ST\STM32F0xx\Source\startup_stm32f
0xx.s
   Uses
      At line 270 in file ..\source\hal\CMSIS\ST\STM32F0xx\Source\startup_stm32
f0xx.s
      At line 272 in file ..\source\hal\CMSIS\ST\STM32F0xx\Source\startup_stm32
f0xx.s

__heap_base 00000000

Symbol: __heap_base
   Definitions
      At line 53 in file ..\source\hal\CMSIS\ST\STM32F0xx\Source\startup_stm32f
0xx.s
   Uses
      None
Comment: __heap_base unused
__heap_limit 00000100

Symbol: __heap_limit
   Definitions
      At line 55 in file ..\source\hal\CMSIS\ST\STM32F0xx\Source\startup_stm32f
0xx.s
   Uses
      None
Comment: __heap_limit unused
4 symbols



ARM Macro Assembler    Page 1 Alphabetic symbol ordering
Relocatable symbols

RESET 00000000

Symbol: RESET
   Definitions
      At line 62 in file ..\source\hal\CMSIS\ST\STM32F0xx\Source\startup_stm32f
0xx.s
   Uses
      None
Comment: RESET unused
__Vectors 00000000

Symbol: __Vectors
   Definitions
      At line 68 in file ..\source\hal\CMSIS\ST\STM32F0xx\Source\startup_stm32f
0xx.s
   Uses
      At line 63 in file ..\source\hal\CMSIS\ST\STM32F0xx\Source\startup_stm32f
0xx.s
      At line 121 in file ..\source\hal\CMSIS\ST\STM32F0xx\Source\startup_stm32
f0xx.s

__Vectors_End 000000C0

Symbol: __Vectors_End
   Definitions
      At line 119 in file ..\source\hal\CMSIS\ST\STM32F0xx\Source\startup_stm32
f0xx.s
   Uses
      At line 64 in file ..\source\hal\CMSIS\ST\STM32F0xx\Source\startup_stm32f
0xx.s
      At line 121 in file ..\source\hal\CMSIS\ST\STM32F0xx\Source\startup_stm32
f0xx.s

3 symbols



ARM Macro Assembler    Page 1 Alphabetic symbol ordering
Relocatable symbols

HEADINFO 00000000

Symbol: HEADINFO
   Definitions
      At line 124 in file ..\source\hal\CMSIS\ST\STM32F0xx\Source\startup_stm32
f0xx.s
   Uses
      None
Comment: HEADINFO unused
__headinfo_base 00000000

Symbol: __headinfo_base
   Definitions
      At line 127 in file ..\source\hal\CMSIS\ST\STM32F0xx\Source\startup_stm32
f0xx.s
   Uses
      At line 125 in file ..\source\hal\CMSIS\ST\STM32F0xx\Source\startup_stm32
f0xx.s
Comment: __headinfo_base used once
__headinfo_end 00000054

Symbol: __headinfo_end
   Definitions
      At line 137 in file ..\source\hal\CMSIS\ST\STM32F0xx\Source\startup_stm32
f0xx.s
   Uses
      None
Comment: __headinfo_end unused
headinfo_mem 00000000

Symbol: headinfo_mem
   Definitions
      At line 128 in file ..\source\hal\CMSIS\ST\STM32F0xx\Source\startup_stm32
f0xx.s
   Uses
      None
Comment: headinfo_mem unused
4 symbols



ARM Macro Assembler    Page 1 Alphabetic symbol ordering
Relocatable symbols

.text 00000000

Symbol: .text
   Definitions
      At line 142 in file ..\source\hal\CMSIS\ST\STM32F0xx\Source\startup_stm32
f0xx.s
   Uses
      None
Comment: .text unused
ADC1_COMP_IRQHandler 0000000E

Symbol: ADC1_COMP_IRQHandler
   Definitions
      At line 227 in file ..\source\hal\CMSIS\ST\STM32F0xx\Source\startup_stm32
f0xx.s
   Uses
      At line 98 in file ..\source\hal\CMSIS\ST\STM32F0xx\Source\startup_stm32f
0xx.s
      At line 193 in file ..\source\hal\CMSIS\ST\STM32F0xx\Source\startup_stm32
f0xx.s

CEC_CAN_IRQHandler 0000000E

Symbol: CEC_CAN_IRQHandler
   Definitions
      At line 245 in file ..\source\hal\CMSIS\ST\STM32F0xx\Source\startup_stm32
f0xx.s
   Uses
      At line 116 in file ..\source\hal\CMSIS\ST\STM32F0xx\Source\startup_stm32
f0xx.s
      At line 211 in file ..\source\hal\CMSIS\ST\STM32F0xx\Source\startup_stm32
f0xx.s

DMA1_Channel1_IRQHandler 0000000E

Symbol: DMA1_Channel1_IRQHandler
   Definitions
      At line 224 in file ..\source\hal\CMSIS\ST\STM32F0xx\Source\startup_stm32
f0xx.s
   Uses
      At line 95 in file ..\source\hal\CMSIS\ST\STM32F0xx\Source\startup_stm32f
0xx.s
      At line 190 in file ..\source\hal\CMSIS\ST\STM32F0xx\Source\startup_stm32
f0xx.s

DMA1_Channel2_3_IRQHandler 0000000E

Symbol: DMA1_Channel2_3_IRQHandler
   Definitions
      At line 225 in file ..\source\hal\CMSIS\ST\STM32F0xx\Source\startup_stm32
f0xx.s
   Uses
      At line 96 in file ..\source\hal\CMSIS\ST\STM32F0xx\Source\startup_stm32f
0xx.s
      At line 191 in file ..\source\hal\CMSIS\ST\STM32F0xx\Source\startup_stm32
f0xx.s

DMA1_Channel4_5_6_7_IRQHandler 0000000E




ARM Macro Assembler    Page 2 Alphabetic symbol ordering
Relocatable symbols

Symbol: DMA1_Channel4_5_6_7_IRQHandler
   Definitions
      At line 226 in file ..\source\hal\CMSIS\ST\STM32F0xx\Source\startup_stm32
f0xx.s
   Uses
      At line 97 in file ..\source\hal\CMSIS\ST\STM32F0xx\Source\startup_stm32f
0xx.s
      At line 192 in file ..\source\hal\CMSIS\ST\STM32F0xx\Source\startup_stm32
f0xx.s

Default_Handler 0000000E

Symbol: Default_Handler
   Definitions
      At line 179 in file ..\source\hal\CMSIS\ST\STM32F0xx\Source\startup_stm32
f0xx.s
   Uses
      None
Comment: Default_Handler unused
EXTI0_1_IRQHandler 0000000E

Symbol: EXTI0_1_IRQHandler
   Definitions
      At line 220 in file ..\source\hal\CMSIS\ST\STM32F0xx\Source\startup_stm32
f0xx.s
   Uses
      At line 91 in file ..\source\hal\CMSIS\ST\STM32F0xx\Source\startup_stm32f
0xx.s
      At line 186 in file ..\source\hal\CMSIS\ST\STM32F0xx\Source\startup_stm32
f0xx.s

EXTI2_3_IRQHandler 0000000E

Symbol: EXTI2_3_IRQHandler
   Definitions
      At line 221 in file ..\source\hal\CMSIS\ST\STM32F0xx\Source\startup_stm32
f0xx.s
   Uses
      At line 92 in file ..\source\hal\CMSIS\ST\STM32F0xx\Source\startup_stm32f
0xx.s
      At line 187 in file ..\source\hal\CMSIS\ST\STM32F0xx\Source\startup_stm32
f0xx.s

EXTI4_15_IRQHandler 0000000E

Symbol: EXTI4_15_IRQHandler
   Definitions
      At line 222 in file ..\source\hal\CMSIS\ST\STM32F0xx\Source\startup_stm32
f0xx.s
   Uses
      At line 93 in file ..\source\hal\CMSIS\ST\STM32F0xx\Source\startup_stm32f
0xx.s
      At line 188 in file ..\source\hal\CMSIS\ST\STM32F0xx\Source\startup_stm32
f0xx.s

FLASH_IRQHandler 0000000E

Symbol: FLASH_IRQHandler
   Definitions



ARM Macro Assembler    Page 3 Alphabetic symbol ordering
Relocatable symbols

      At line 218 in file ..\source\hal\CMSIS\ST\STM32F0xx\Source\startup_stm32
f0xx.s
   Uses
      At line 89 in file ..\source\hal\CMSIS\ST\STM32F0xx\Source\startup_stm32f
0xx.s
      At line 184 in file ..\source\hal\CMSIS\ST\STM32F0xx\Source\startup_stm32
f0xx.s

HardFault_Handler 00000006

Symbol: HardFault_Handler
   Definitions
      At line 162 in file ..\source\hal\CMSIS\ST\STM32F0xx\Source\startup_stm32
f0xx.s
   Uses
      At line 71 in file ..\source\hal\CMSIS\ST\STM32F0xx\Source\startup_stm32f
0xx.s
      At line 163 in file ..\source\hal\CMSIS\ST\STM32F0xx\Source\startup_stm32
f0xx.s

I2C1_IRQHandler 0000000E

Symbol: I2C1_IRQHandler
   Definitions
      At line 238 in file ..\source\hal\CMSIS\ST\STM32F0xx\Source\startup_stm32
f0xx.s
   Uses
      At line 109 in file ..\source\hal\CMSIS\ST\STM32F0xx\Source\startup_stm32
f0xx.s
      At line 204 in file ..\source\hal\CMSIS\ST\STM32F0xx\Source\startup_stm32
f0xx.s

I2C2_IRQHandler 0000000E

Symbol: I2C2_IRQHandler
   Definitions
      At line 239 in file ..\source\hal\CMSIS\ST\STM32F0xx\Source\startup_stm32
f0xx.s
   Uses
      At line 110 in file ..\source\hal\CMSIS\ST\STM32F0xx\Source\startup_stm32
f0xx.s
      At line 205 in file ..\source\hal\CMSIS\ST\STM32F0xx\Source\startup_stm32
f0xx.s

NMI_Handler 00000004

Symbol: NMI_Handler
   Definitions
      At line 157 in file ..\source\hal\CMSIS\ST\STM32F0xx\Source\startup_stm32
f0xx.s
   Uses
      At line 70 in file ..\source\hal\CMSIS\ST\STM32F0xx\Source\startup_stm32f
0xx.s
      At line 158 in file ..\source\hal\CMSIS\ST\STM32F0xx\Source\startup_stm32
f0xx.s

PVD_VDDIO2_IRQHandler 0000000E

Symbol: PVD_VDDIO2_IRQHandler



ARM Macro Assembler    Page 4 Alphabetic symbol ordering
Relocatable symbols

   Definitions
      At line 216 in file ..\source\hal\CMSIS\ST\STM32F0xx\Source\startup_stm32
f0xx.s
   Uses
      At line 87 in file ..\source\hal\CMSIS\ST\STM32F0xx\Source\startup_stm32f
0xx.s
      At line 182 in file ..\source\hal\CMSIS\ST\STM32F0xx\Source\startup_stm32
f0xx.s

PendSV_Handler 0000000A

Symbol: PendSV_Handler
   Definitions
      At line 170 in file ..\source\hal\CMSIS\ST\STM32F0xx\Source\startup_stm32
f0xx.s
   Uses
      At line 82 in file ..\source\hal\CMSIS\ST\STM32F0xx\Source\startup_stm32f
0xx.s
      At line 171 in file ..\source\hal\CMSIS\ST\STM32F0xx\Source\startup_stm32
f0xx.s

RCC_CRS_IRQHandler 0000000E

Symbol: RCC_CRS_IRQHandler
   Definitions
      At line 219 in file ..\source\hal\CMSIS\ST\STM32F0xx\Source\startup_stm32
f0xx.s
   Uses
      At line 90 in file ..\source\hal\CMSIS\ST\STM32F0xx\Source\startup_stm32f
0xx.s
      At line 185 in file ..\source\hal\CMSIS\ST\STM32F0xx\Source\startup_stm32
f0xx.s

RTC_IRQHandler 0000000E

Symbol: RTC_IRQHandler
   Definitions
      At line 217 in file ..\source\hal\CMSIS\ST\STM32F0xx\Source\startup_stm32
f0xx.s
   Uses
      At line 88 in file ..\source\hal\CMSIS\ST\STM32F0xx\Source\startup_stm32f
0xx.s
      At line 183 in file ..\source\hal\CMSIS\ST\STM32F0xx\Source\startup_stm32
f0xx.s

Reset_Handler 00000000

Symbol: Reset_Handler
   Definitions
      At line 145 in file ..\source\hal\CMSIS\ST\STM32F0xx\Source\startup_stm32
f0xx.s
   Uses
      At line 69 in file ..\source\hal\CMSIS\ST\STM32F0xx\Source\startup_stm32f
0xx.s
      At line 146 in file ..\source\hal\CMSIS\ST\STM32F0xx\Source\startup_stm32
f0xx.s

SPI1_IRQHandler 0000000E




ARM Macro Assembler    Page 5 Alphabetic symbol ordering
Relocatable symbols

Symbol: SPI1_IRQHandler
   Definitions
      At line 240 in file ..\source\hal\CMSIS\ST\STM32F0xx\Source\startup_stm32
f0xx.s
   Uses
      At line 111 in file ..\source\hal\CMSIS\ST\STM32F0xx\Source\startup_stm32
f0xx.s
      At line 206 in file ..\source\hal\CMSIS\ST\STM32F0xx\Source\startup_stm32
f0xx.s

SPI2_IRQHandler 0000000E

Symbol: SPI2_IRQHandler
   Definitions
      At line 241 in file ..\source\hal\CMSIS\ST\STM32F0xx\Source\startup_stm32
f0xx.s
   Uses
      At line 112 in file ..\source\hal\CMSIS\ST\STM32F0xx\Source\startup_stm32
f0xx.s
      At line 207 in file ..\source\hal\CMSIS\ST\STM32F0xx\Source\startup_stm32
f0xx.s

SVC_Handler 00000008

Symbol: SVC_Handler
   Definitions
      At line 166 in file ..\source\hal\CMSIS\ST\STM32F0xx\Source\startup_stm32
f0xx.s
   Uses
      At line 79 in file ..\source\hal\CMSIS\ST\STM32F0xx\Source\startup_stm32f
0xx.s
      At line 167 in file ..\source\hal\CMSIS\ST\STM32F0xx\Source\startup_stm32
f0xx.s

SysTick_Handler 0000000C

Symbol: SysTick_Handler
   Definitions
      At line 174 in file ..\source\hal\CMSIS\ST\STM32F0xx\Source\startup_stm32
f0xx.s
   Uses
      At line 83 in file ..\source\hal\CMSIS\ST\STM32F0xx\Source\startup_stm32f
0xx.s
      At line 175 in file ..\source\hal\CMSIS\ST\STM32F0xx\Source\startup_stm32
f0xx.s

TIM14_IRQHandler 0000000E

Symbol: TIM14_IRQHandler
   Definitions
      At line 234 in file ..\source\hal\CMSIS\ST\STM32F0xx\Source\startup_stm32
f0xx.s
   Uses
      At line 105 in file ..\source\hal\CMSIS\ST\STM32F0xx\Source\startup_stm32
f0xx.s
      At line 200 in file ..\source\hal\CMSIS\ST\STM32F0xx\Source\startup_stm32
f0xx.s

TIM15_IRQHandler 0000000E



ARM Macro Assembler    Page 6 Alphabetic symbol ordering
Relocatable symbols


Symbol: TIM15_IRQHandler
   Definitions
      At line 235 in file ..\source\hal\CMSIS\ST\STM32F0xx\Source\startup_stm32
f0xx.s
   Uses
      At line 106 in file ..\source\hal\CMSIS\ST\STM32F0xx\Source\startup_stm32
f0xx.s
      At line 201 in file ..\source\hal\CMSIS\ST\STM32F0xx\Source\startup_stm32
f0xx.s

TIM16_IRQHandler 0000000E

Symbol: TIM16_IRQHandler
   Definitions
      At line 236 in file ..\source\hal\CMSIS\ST\STM32F0xx\Source\startup_stm32
f0xx.s
   Uses
      At line 107 in file ..\source\hal\CMSIS\ST\STM32F0xx\Source\startup_stm32
f0xx.s
      At line 202 in file ..\source\hal\CMSIS\ST\STM32F0xx\Source\startup_stm32
f0xx.s

TIM17_IRQHandler 0000000E

Symbol: TIM17_IRQHandler
   Definitions
      At line 237 in file ..\source\hal\CMSIS\ST\STM32F0xx\Source\startup_stm32
f0xx.s
   Uses
      At line 108 in file ..\source\hal\CMSIS\ST\STM32F0xx\Source\startup_stm32
f0xx.s
      At line 203 in file ..\source\hal\CMSIS\ST\STM32F0xx\Source\startup_stm32
f0xx.s

TIM1_BRK_UP_TRG_COM_IRQHandler 0000000E

Symbol: TIM1_BRK_UP_TRG_COM_IRQHandler
   Definitions
      At line 228 in file ..\source\hal\CMSIS\ST\STM32F0xx\Source\startup_stm32
f0xx.s
   Uses
      At line 99 in file ..\source\hal\CMSIS\ST\STM32F0xx\Source\startup_stm32f
0xx.s
      At line 194 in file ..\source\hal\CMSIS\ST\STM32F0xx\Source\startup_stm32
f0xx.s

TIM1_CC_IRQHandler 0000000E

Symbol: TIM1_CC_IRQHandler
   Definitions
      At line 229 in file ..\source\hal\CMSIS\ST\STM32F0xx\Source\startup_stm32
f0xx.s
   Uses
      At line 100 in file ..\source\hal\CMSIS\ST\STM32F0xx\Source\startup_stm32
f0xx.s
      At line 195 in file ..\source\hal\CMSIS\ST\STM32F0xx\Source\startup_stm32
f0xx.s




ARM Macro Assembler    Page 7 Alphabetic symbol ordering
Relocatable symbols

TIM2_IRQHandler 0000000E

Symbol: TIM2_IRQHandler
   Definitions
      At line 230 in file ..\source\hal\CMSIS\ST\STM32F0xx\Source\startup_stm32
f0xx.s
   Uses
      At line 101 in file ..\source\hal\CMSIS\ST\STM32F0xx\Source\startup_stm32
f0xx.s
      At line 196 in file ..\source\hal\CMSIS\ST\STM32F0xx\Source\startup_stm32
f0xx.s

TIM3_IRQHandler 0000000E

Symbol: TIM3_IRQHandler
   Definitions
      At line 231 in file ..\source\hal\CMSIS\ST\STM32F0xx\Source\startup_stm32
f0xx.s
   Uses
      At line 102 in file ..\source\hal\CMSIS\ST\STM32F0xx\Source\startup_stm32
f0xx.s
      At line 197 in file ..\source\hal\CMSIS\ST\STM32F0xx\Source\startup_stm32
f0xx.s

TIM6_DAC_IRQHandler 0000000E

Symbol: TIM6_DAC_IRQHandler
   Definitions
      At line 232 in file ..\source\hal\CMSIS\ST\STM32F0xx\Source\startup_stm32
f0xx.s
   Uses
      At line 103 in file ..\source\hal\CMSIS\ST\STM32F0xx\Source\startup_stm32
f0xx.s
      At line 198 in file ..\source\hal\CMSIS\ST\STM32F0xx\Source\startup_stm32
f0xx.s

TIM7_IRQHandler 0000000E

Symbol: TIM7_IRQHandler
   Definitions
      At line 233 in file ..\source\hal\CMSIS\ST\STM32F0xx\Source\startup_stm32
f0xx.s
   Uses
      At line 104 in file ..\source\hal\CMSIS\ST\STM32F0xx\Source\startup_stm32
f0xx.s
      At line 199 in file ..\source\hal\CMSIS\ST\STM32F0xx\Source\startup_stm32
f0xx.s

TSC_IRQHandler 0000000E

Symbol: TSC_IRQHandler
   Definitions
      At line 223 in file ..\source\hal\CMSIS\ST\STM32F0xx\Source\startup_stm32
f0xx.s
   Uses
      At line 94 in file ..\source\hal\CMSIS\ST\STM32F0xx\Source\startup_stm32f
0xx.s
      At line 189 in file ..\source\hal\CMSIS\ST\STM32F0xx\Source\startup_stm32
f0xx.s



ARM Macro Assembler    Page 8 Alphabetic symbol ordering
Relocatable symbols


USART1_IRQHandler 0000000E

Symbol: USART1_IRQHandler
   Definitions
      At line 242 in file ..\source\hal\CMSIS\ST\STM32F0xx\Source\startup_stm32
f0xx.s
   Uses
      At line 113 in file ..\source\hal\CMSIS\ST\STM32F0xx\Source\startup_stm32
f0xx.s
      At line 208 in file ..\source\hal\CMSIS\ST\STM32F0xx\Source\startup_stm32
f0xx.s

USART2_IRQHandler 0000000E

Symbol: USART2_IRQHandler
   Definitions
      At line 243 in file ..\source\hal\CMSIS\ST\STM32F0xx\Source\startup_stm32
f0xx.s
   Uses
      At line 114 in file ..\source\hal\CMSIS\ST\STM32F0xx\Source\startup_stm32
f0xx.s
      At line 209 in file ..\source\hal\CMSIS\ST\STM32F0xx\Source\startup_stm32
f0xx.s

USART3_4_IRQHandler 0000000E

Symbol: USART3_4_IRQHandler
   Definitions
      At line 244 in file ..\source\hal\CMSIS\ST\STM32F0xx\Source\startup_stm32
f0xx.s
   Uses
      At line 115 in file ..\source\hal\CMSIS\ST\STM32F0xx\Source\startup_stm32
f0xx.s
      At line 210 in file ..\source\hal\CMSIS\ST\STM32F0xx\Source\startup_stm32
f0xx.s

USB_IRQHandler 0000000E

Symbol: USB_IRQHandler
   Definitions
      At line 246 in file ..\source\hal\CMSIS\ST\STM32F0xx\Source\startup_stm32
f0xx.s
   Uses
      At line 117 in file ..\source\hal\CMSIS\ST\STM32F0xx\Source\startup_stm32
f0xx.s
      At line 212 in file ..\source\hal\CMSIS\ST\STM32F0xx\Source\startup_stm32
f0xx.s

WWDG_IRQHandler 0000000E

Symbol: WWDG_IRQHandler
   Definitions
      At line 215 in file ..\source\hal\CMSIS\ST\STM32F0xx\Source\startup_stm32
f0xx.s
   Uses
      At line 86 in file ..\source\hal\CMSIS\ST\STM32F0xx\Source\startup_stm32f
0xx.s
      At line 181 in file ..\source\hal\CMSIS\ST\STM32F0xx\Source\startup_stm32



ARM Macro Assembler    Page 9 Alphabetic symbol ordering
Relocatable symbols

f0xx.s

__user_initial_stackheap 00000010

Symbol: __user_initial_stackheap
   Definitions
      At line 268 in file ..\source\hal\CMSIS\ST\STM32F0xx\Source\startup_stm32
f0xx.s
   Uses
      At line 266 in file ..\source\hal\CMSIS\ST\STM32F0xx\Source\startup_stm32
f0xx.s
Comment: __user_initial_stackheap used once
41 symbols



ARM Macro Assembler    Page 1 Alphabetic symbol ordering
Absolute symbols

Heap_Size 00000100

Symbol: Heap_Size
   Definitions
      At line 50 in file ..\source\hal\CMSIS\ST\STM32F0xx\Source\startup_stm32f
0xx.s
   Uses
      At line 54 in file ..\source\hal\CMSIS\ST\STM32F0xx\Source\startup_stm32f
0xx.s
      At line 272 in file ..\source\hal\CMSIS\ST\STM32F0xx\Source\startup_stm32
f0xx.s

Stack_Size 00000400

Symbol: Stack_Size
   Definitions
      At line 39 in file ..\source\hal\CMSIS\ST\STM32F0xx\Source\startup_stm32f
0xx.s
   Uses
      At line 42 in file ..\source\hal\CMSIS\ST\STM32F0xx\Source\startup_stm32f
0xx.s
      At line 271 in file ..\source\hal\CMSIS\ST\STM32F0xx\Source\startup_stm32
f0xx.s

__Vectors_Size 000000C0

Symbol: __Vectors_Size
   Definitions
      At line 121 in file ..\source\hal\CMSIS\ST\STM32F0xx\Source\startup_stm32
f0xx.s
   Uses
      At line 65 in file ..\source\hal\CMSIS\ST\STM32F0xx\Source\startup_stm32f
0xx.s
      At line 128 in file ..\source\hal\CMSIS\ST\STM32F0xx\Source\startup_stm32
f0xx.s

3 symbols



ARM Macro Assembler    Page 1 Alphabetic symbol ordering
External symbols

SystemInit 00000000

Symbol: SystemInit
   Definitions
      At line 148 in file ..\source\hal\CMSIS\ST\STM32F0xx\Source\startup_stm32
f0xx.s
   Uses
      None
Comment: SystemInit unused
__main 00000000

Symbol: __main
   Definitions
      At line 147 in file ..\source\hal\CMSIS\ST\STM32F0xx\Source\startup_stm32
f0xx.s
   Uses
      At line 151 in file ..\source\hal\CMSIS\ST\STM32F0xx\Source\startup_stm32
f0xx.s
Comment: __main used once
__use_two_region_memory 00000000

Symbol: __use_two_region_memory
   Definitions
      At line 265 in file ..\source\hal\CMSIS\ST\STM32F0xx\Source\startup_stm32
f0xx.s
   Uses
      None
Comment: __use_two_region_memory unused
g_code_info 00000000

Symbol: g_code_info
   Definitions
      At line 126 in file ..\source\hal\CMSIS\ST\STM32F0xx\Source\startup_stm32
f0xx.s
   Uses
      At line 136 in file ..\source\hal\CMSIS\ST\STM32F0xx\Source\startup_stm32
f0xx.s
Comment: g_code_info used once
4 symbols
396 symbols in table
